<?xml version="1.0" encoding="UTF-8"?>
<!-- Generated by org.testng.reporters.JUnitXMLReporter -->
<testsuite hostname="DESKTOP-536L0VO" ignored="0" name="Default test" tests="3" failures="0" timestamp="11 Nov 2018 15:55:30 GMT" time="0.067" errors="0">
  <testcase name="mul" time="0.022" classname="com.qa.test.DemoTest"/>
  <testcase name="sub" time="0.003" classname="com.qa.test.DemoTest"/>
  <testcase name="sum" time="0.003" classname="com.qa.test.DemoTest"/>
</testsuite> <!-- Default test -->
