<?xml version="1.0" encoding="UTF-8"?>
<testng-results skipped="0" failed="0" ignored="0" total="3" passed="3">
  <reporter-output>
  </reporter-output>
  <suite name="Default suite" duration-ms="67" started-at="2018-11-11T15:55:29Z" finished-at="2018-11-11T15:55:30Z">
    <groups>
    </groups>
    <test name="Default test" duration-ms="67" started-at="2018-11-11T15:55:29Z" finished-at="2018-11-11T15:55:30Z">
      <class name="com.qa.test.DemoTest">
        <test-method status="PASS" signature="mul()[pri:0, instance:com.qa.test.DemoTest@62ee68d8]" name="mul" duration-ms="22" started-at="2018-11-11T21:25:29Z" finished-at="2018-11-11T21:25:29Z">
          <reporter-output>
          </reporter-output>
        </test-method> <!-- mul -->
        <test-method status="PASS" signature="sub()[pri:0, instance:com.qa.test.DemoTest@62ee68d8]" name="sub" duration-ms="3" started-at="2018-11-11T21:25:29Z" finished-at="2018-11-11T21:25:29Z">
          <reporter-output>
          </reporter-output>
        </test-method> <!-- sub -->
        <test-method status="PASS" signature="sum()[pri:0, instance:com.qa.test.DemoTest@62ee68d8]" name="sum" duration-ms="3" started-at="2018-11-11T21:25:29Z" finished-at="2018-11-11T21:25:29Z">
          <reporter-output>
          </reporter-output>
        </test-method> <!-- sum -->
      </class> <!-- com.qa.test.DemoTest -->
    </test> <!-- Default test -->
  </suite> <!-- Default suite -->
</testng-results>
